0 info it worked if it ends with ok
1 verbose cli [ 'C:\\Program Files\\nodejs\\node.exe',
1 verbose cli   'C:\\Users\\源\\AppData\\Roaming\\npm\\node_modules\\cnpm\\node_modules\\npm\\bin\\npm-cli.js',
1 verbose cli   '--userconfig=C:\\Users\\源\\.cnpmrc',
1 verbose cli   '--disturl=https://npm.taobao.org/mirrors/node',
1 verbose cli   '--registry=https://registry.npm.taobao.org',
1 verbose cli   'run',
1 verbose cli   'dev' ]
2 info using npm@3.10.10
3 info using node@v8.0.0
4 verbose run-script [ 'predev', 'dev', 'postdev' ]
5 info lifecycle yuan@1.0.0~predev: yuan@1.0.0
6 silly lifecycle yuan@1.0.0~predev: no script for predev, continuing
7 info lifecycle yuan@1.0.0~dev: yuan@1.0.0
8 verbose lifecycle yuan@1.0.0~dev: unsafe-perm in lifecycle true
9 verbose lifecycle yuan@1.0.0~dev: PATH: C:\Users\源\AppData\Roaming\npm\node_modules\cnpm\node_modules\npm\bin\node-gyp-bin;C:\Users\源\vue1\node_modules\.bin;C:\WINDOWS\system32;C:\WINDOWS;C:\WINDOWS\System32\Wbem;C:\WINDOWS\System32\WindowsPowerShell\v1.0\;C:\Program Files\Intel\WiFi\bin\;C:\Program Files\Common Files\Intel\WirelessCommon\;C:\Program Files\Git\cmd;D:\Program Files (x86)\nvm;D:\Program Files (x86)\nvm;C:\Program Files\nodejs;C:\Program Files\nodejs\;C:\Users\源\AppData\Local\Microsoft\WindowsApps;D:\Program Files (x86)\nvm;C:\Program Files\nodejs;C:\Users\源\AppData\Roaming\npm;C:\Program Files (x86)\Microsoft VS Code\bin
10 verbose lifecycle yuan@1.0.0~dev: CWD: C:\Users\源\vue1
11 silly lifecycle yuan@1.0.0~dev: Args: [ '/d /s /c',
11 silly lifecycle   'cross-env NODE_ENV=development webpack-dev-server --open --hot' ]
12 silly lifecycle yuan@1.0.0~dev: Returned: code: 1  signal: null
13 info lifecycle yuan@1.0.0~dev: Failed to exec dev script
14 verbose stack Error: yuan@1.0.0 dev: `cross-env NODE_ENV=development webpack-dev-server --open --hot`
14 verbose stack Exit status 1
14 verbose stack     at EventEmitter.<anonymous> (C:\Users\源\AppData\Roaming\npm\node_modules\cnpm\node_modules\npm\lib\utils\lifecycle.js:255:16)
14 verbose stack     at emitTwo (events.js:125:13)
14 verbose stack     at EventEmitter.emit (events.js:213:7)
14 verbose stack     at ChildProcess.<anonymous> (C:\Users\源\AppData\Roaming\npm\node_modules\cnpm\node_modules\npm\lib\utils\spawn.js:40:14)
14 verbose stack     at emitTwo (events.js:125:13)
14 verbose stack     at ChildProcess.emit (events.js:213:7)
14 verbose stack     at maybeClose (internal/child_process.js:887:16)
14 verbose stack     at Process.ChildProcess._handle.onexit (internal/child_process.js:208:5)
15 verbose pkgid yuan@1.0.0
16 verbose cwd C:\Users\源\vue1
17 error Windows_NT 10.0.14393
18 error argv "C:\\Program Files\\nodejs\\node.exe" "C:\\Users\\源\\AppData\\Roaming\\npm\\node_modules\\cnpm\\node_modules\\npm\\bin\\npm-cli.js" "--userconfig=C:\\Users\\源\\.cnpmrc" "--disturl=https://npm.taobao.org/mirrors/node" "--registry=https://registry.npm.taobao.org" "run" "dev"
19 error node v8.0.0
20 error npm  v3.10.10
21 error code ELIFECYCLE
22 error yuan@1.0.0 dev: `cross-env NODE_ENV=development webpack-dev-server --open --hot`
22 error Exit status 1
23 error Failed at the yuan@1.0.0 dev script 'cross-env NODE_ENV=development webpack-dev-server --open --hot'.
23 error Make sure you have the latest version of node.js and npm installed.
23 error If you do, this is most likely a problem with the yuan package,
23 error not with npm itself.
23 error Tell the author that this fails on your system:
23 error     cross-env NODE_ENV=development webpack-dev-server --open --hot
23 error You can get information on how to open an issue for this project with:
23 error     npm bugs yuan
23 error Or if that isn't available, you can get their info via:
23 error     npm owner ls yuan
23 error There is likely additional logging output above.
24 verbose exit [ 1, true ]
